<?xml version="1.0" encoding="UTF-8"?>
<testsuite xmlns:xsi="http://www.w3.org/2001/XMLSchema-instance" xsi:noNamespaceSchemaLocation="https://maven.apache.org/surefire/maven-surefire-plugin/xsd/surefire-test-report-3.0.xsd" version="3.0" name="com.finance.tracker.TransactionServiceTest" time="1.634" tests="5" errors="0" skipped="0" failures="0">
  <properties>
[...]
</properties>
  <testcase name="testDeleteTransaction_ShouldCallDeleteOnce" classname="com.finance.tracker.TransactionServiceTest" time="1.543">
    <system-out><![CDATA[23:14:55.479 [main] INFO com.finance.tracker.service.TransactionService -- Deleting transaction with ID: txn001
23:14:55.483 [main] INFO com.finance.tracker.service.TransactionService -- Fetching transaction with ID: txn001
23:14:55.487 [main] INFO com.finance.tracker.service.TransactionService -- Transaction deleted: txn001
]]></system-out>
    <system-err><![CDATA[WARNING: A Java agent has been loaded dynamically (C:\Users\Tharania Saran\.m2\repository\net\bytebuddy\byte-buddy-agent\1.14.10\byte-buddy-agent-1.14.10.jar)
WARNING: If a serviceability tool is in use, please run with -XX:+EnableDynamicAgentLoading to hide this warning
WARNING: If a serviceability tool is not in use, please run with -Djdk.instrument.traceUsage for more information
WARNING: Dynamic loading of agents will be disallowed by default in a future release
]]></system-err>
  </testcase>
  <testcase name="testGetFinancialSummary_ShouldCalculateCorrectValues" classname="com.finance.tracker.TransactionServiceTest" time="0.023">
    <system-out><![CDATA[23:14:55.522 [main] INFO com.finance.tracker.service.TransactionService -- Calculating financial summary for user: user123
23:14:55.532 [main] INFO com.finance.tracker.service.TransactionService -- Summary → Income: 75000.0, Expense: 5000.0, Balance: 70000.0, Status: SURPLUS
]]></system-out>
  </testcase>
  <testcase name="testGetTransactionById_ShouldReturnTransaction" classname="com.finance.tracker.TransactionServiceTest" time="0.007">
    <system-out><![CDATA[23:14:55.548 [main] INFO com.finance.tracker.service.TransactionService -- Fetching transaction with ID: txn001
]]></system-out>
  </testcase>
  <testcase name="testGetFinancialSummary_ShouldReturnDeficitStatus" classname="com.finance.tracker.TransactionServiceTest" time="0.007">
    <system-out><![CDATA[23:14:55.557 [main] INFO com.finance.tracker.service.TransactionService -- Calculating financial summary for user: user123
23:14:55.557 [main] INFO com.finance.tracker.service.TransactionService -- Summary → Income: 75000.0, Expense: 100000.0, Balance: -25000.0, Status: DEFICIT
]]></system-out>
  </testcase>
  <testcase name="testAddTransaction_ShouldSaveAndReturnTransaction" classname="com.finance.tracker.TransactionServiceTest" time="0.009">
    <system-out><![CDATA[23:14:55.567 [main] INFO com.finance.tracker.service.TransactionService -- Adding INCOME transaction for user: user123
23:14:55.568 [main] INFO com.finance.tracker.service.TransactionService -- Transaction saved with ID: txn001
]]></system-out>
  </testcase>
</testsuite>